<?xml version="1.0" encoding="UTF-8"?>
<testsuite xmlns:xsi="http://www.w3.org/2001/XMLSchema-instance" xsi:noNamespaceSchemaLocation="https://maven.apache.org/surefire/maven-surefire-plugin/xsd/surefire-test-report.xsd" name="com.example.demo.AppTest" time="0.039" tests="5" errors="0" skipped="0" failures="2">
  <properties>
[...]
</properties>
  <testcase name="testGreetMethodRerturnNull" classname="com.example.demo.AppTest" time="0.021">
    <failure message="expected: &lt;null&gt; but was: &lt;Abd&gt;" type="org.opentest4j.AssertionFailedError"><![CDATA[org.opentest4j.AssertionFailedError: expected: <null> but was: <Abd>
	at com.example.demo.AppTest.testGreetMethodRerturnNull(AppTest.java:46)
]]></failure>
    <system-out><![CDATA[Before All Called
Before Each Called
]]></system-out>
  </testcase>
  <testcase name="testGreetMethodRerturnString" classname="com.example.demo.AppTest" time="0"/>
  <testcase name="testCurrencyShouldNotNegative" classname="com.example.demo.AppTest" time="0.003"/>
  <testcase name="testGreetMethodRerturnNotNull" classname="com.example.demo.AppTest" time="0.001"/>
  <testcase name="testCurrencyShouldBeNegative" classname="com.example.demo.AppTest" time="0.001">
    <failure message="expected: &lt;true&gt; but was: &lt;false&gt;" type="org.opentest4j.AssertionFailedError"><![CDATA[org.opentest4j.AssertionFailedError: expected: <true> but was: <false>
	at com.example.demo.AppTest.testCurrencyShouldBeNegative(AppTest.java:85)
]]></failure>
    <system-out><![CDATA[Before Each Called
]]></system-out>
  </testcase>
</testsuite>